<?xml version="1.0" encoding="UTF-8"?>
<testng-results ignored="0" total="1" passed="1" failed="0" skipped="0">
  <reporter-output>
  </reporter-output>
  <suite started-at="2024-12-25T08:55:59 IST" name="Default suite" finished-at="2024-12-25T08:56:11 IST" duration-ms="11501">
    <groups>
    </groups>
    <test started-at="2024-12-25T08:55:59 IST" name="Default test" finished-at="2024-12-25T08:56:11 IST" duration-ms="11501">
      <class name="Flipkart.AutomateFlipkart">
        <test-method signature="login()[pri:0, instance:Flipkart.AutomateFlipkart@5fe94a96]" started-at="2024-12-25T08:55:59 IST" name="login" finished-at="2024-12-25T08:56:11 IST" duration-ms="11462" status="PASS">
          <reporter-output>
          </reporter-output>
        </test-method> <!-- login -->
      </class> <!-- Flipkart.AutomateFlipkart -->
    </test> <!-- Default test -->
  </suite> <!-- Default suite -->
</testng-results>
